#
# A fatal error has been detected by the Java Runtime Environment:
#
#  EXCEPTION_ACCESS_VIOLATION (0xc0000005) at pc=0x15e6121c, pid=11092, tid=0x00003364
#
# JRE version: Java(TM) SE Runtime Environment (8.0_131-b11) (build 1.8.0_131-b11)
# Java VM: Java HotSpot(TM) Client VM (25.131-b11 mixed mode windows-x86 )
# Problematic frame:
# C  [ucrtbased.dll+0xf121c]
#
# Failed to write core dump. Minidumps are not enabled by default on client versions of Windows
#
# If you would like to submit a bug report, please visit:
#   http://bugreport.java.com/bugreport/crash.jsp
# The crash happened outside the Java Virtual Machine in native code.
# See problematic frame for where to report the bug.
#

---------------  T H R E A D  ---------------

Current thread (0x15c79800):  JavaThread "AWT-EventQueue-0" [_thread_in_native, id=13156, stack(0x18800000,0x18850000)]

siginfo: ExceptionCode=0xc0000005, reading address 0x00000001

Registers:
EAX=0x00000001, EBX=0x1884e680, ECX=0x00000001, EDX=0x00000000
ESP=0x1884e5e8, EBP=0x1884e5f0, ESI=0x1884ec70, EDI=0x1884ed3c
EIP=0x15e6121c, EFLAGS=0x00010246

Top of Stack: (sp=0x1884e5e8)
0x1884e5e8:   00000010 00000001 1884e670 15e61a7e
0x1884e5f8:   00000001 0000000f 15e2d896 000000c0
0x1884e608:   1884e644 1884e638 15e5ad38 1884ec70
0x1884e618:   15ed0ba4 1884e668 1884e630 00000001
0x1884e628:   00000000 01147e78 00000000 00000001
0x1884e638:   1884e65c 15e5a9ca 00000053 15ed0b98
0x1884e648:   1884ec70 0000000f 0000000f 0000000f
0x1884e658:   00000001 00000001 0000000f 00000053 

Instructions: (pc=0x15e6121c)
0x15e611fc:   83 c2 01 89 55 fc 8b 45 f8 50 8b 4d fc 51 e8 41
0x15e6120c:   0b 00 00 83 c4 08 0f b6 d0 85 d2 75 0c 8b 45 fc
0x15e6121c:   0f b6 08 85 c9 74 02 eb d4 8b 45 fc 2b 45 08 8b
0x15e6122c:   e5 5d c3 cc 8b ff 55 8b ec 83 ec 08 8b 45 0c 8b 


Register to memory mapping:

EAX=0x00000001 is an unknown value
EBX=0x1884e680 is pointing into the stack for thread: 0x15c79800
ECX=0x00000001 is an unknown value
EDX=0x00000000 is an unknown value
ESP=0x1884e5e8 is pointing into the stack for thread: 0x15c79800
EBP=0x1884e5f0 is pointing into the stack for thread: 0x15c79800
ESI=0x1884ec70 is pointing into the stack for thread: 0x15c79800
EDI=0x1884ed3c is pointing into the stack for thread: 0x15c79800


Stack: [0x18800000,0x18850000],  sp=0x1884e5e8,  free space=313k
Native frames: (J=compiled Java code, j=interpreted, Vv=VM code, C=native code)
C  [ucrtbased.dll+0xf121c]
C  [ucrtbased.dll+0xf1a7e]
C  [ucrtbased.dll+0xf1118]
C  [ucrtbased.dll+0xf1f72]
C  [ucrtbased.dll+0xe1d89]
C  [ucrtbased.dll+0xe199f]
C  [ucrtbased.dll+0xd8bc2]
C  [ucrtbased.dll+0xd2739]
C  [ucrtbased.dll+0xd14e9]
C  [ucrtbased.dll+0xc9a93]
C  [ucrtbased.dll+0xc9dae]
C  [ucrtbased.dll+0xca3dd]
C  [ucrtbased.dll+0xe5372]
C  [TobiiTracker.dll+0x122c2]
C  [TobiiTracker.dll+0x1241d]
C  [TobiiTracker.dll+0x17c5d]
j  edu.ysu.itrace.trackers.TobiiTracker$Calibrator.jniGetCalibration()[D+0
j  edu.ysu.itrace.trackers.TobiiTracker$Calibrator.displayCalibrationStatus(Ljavax/swing/JFrame;)V+1
J 901 C1 edu.ysu.itrace.calibration.Calibrator$CalibrationAnimation.actionPerformed(Ljava/awt/event/ActionEvent;)V (432 bytes) @ 0x02fc2584 [0x02fc22f0+0x294]
J 809 C1 javax.swing.Timer.fireActionPerformed(Ljava/awt/event/ActionEvent;)V (46 bytes) @ 0x02ff42ac [0x02ff41e0+0xcc]
J 888 C1 javax.swing.Timer$DoPostEvent.run()V (95 bytes) @ 0x02fc867c [0x02fc8310+0x36c]
J 751 C1 java.awt.event.InvocationEvent.dispatch()V (69 bytes) @ 0x02f934dc [0x02f933f0+0xec]
J 539 C1 java.awt.EventQueue.dispatchEventImpl(Ljava/awt/AWTEvent;Ljava/lang/Object;)V (149 bytes) @ 0x0304388c [0x030433d0+0x4bc]
J 564 C1 java.awt.EventQueue$3.run()Ljava/lang/Void; (60 bytes) @ 0x0304df5c [0x0304df00+0x5c]
J 563 C1 java.awt.EventQueue$3.run()Ljava/lang/Object; (5 bytes) @ 0x0304dce0 [0x0304dcc0+0x20]
v  ~StubRoutines::call_stub
V  [jvm.dll+0x15af45]
V  [jvm.dll+0x2213ae]
V  [jvm.dll+0x15afde]
V  [jvm.dll+0x10b2cf]
C  [java.dll+0x102f]
J 535 C1 java.awt.EventQueue.dispatchEvent(Ljava/awt/AWTEvent;)V (80 bytes) @ 0x03041f48 [0x03041d40+0x208]
J 444 C1 java.awt.EventDispatchThread.pumpOneEventForFilters(I)V (295 bytes) @ 0x03025cd0 [0x03025640+0x690]
j  java.awt.EventDispatchThread.pumpEventsForFilter(ILjava/awt/Conditional;Ljava/awt/EventFilter;)V+35
j  java.awt.EventDispatchThread.pumpEventsForHierarchy(ILjava/awt/Conditional;Ljava/awt/Component;)V+11
j  java.awt.EventDispatchThread.pumpEvents(ILjava/awt/Conditional;)V+4
j  java.awt.EventDispatchThread.pumpEvents(Ljava/awt/Conditional;)V+3
j  java.awt.EventDispatchThread.run()V+9
v  ~StubRoutines::call_stub
V  [jvm.dll+0x15af45]
V  [jvm.dll+0x2213ae]
V  [jvm.dll+0x15afde]
V  [jvm.dll+0x15b166]
V  [jvm.dll+0x15b1d7]
V  [jvm.dll+0xff36f]
V  [jvm.dll+0x17dc30]
V  [jvm.dll+0x17e4aa]
V  [jvm.dll+0x1c2ec6]
C  [msvcr100.dll+0x5c556]
C  [msvcr100.dll+0x5c600]
C  [KERNEL32.DLL+0x17c04]
C  [ntdll.dll+0x5ad2f]
C  [ntdll.dll+0x5acfa]
C  0x00000000

Java frames: (J=compiled Java code, j=interpreted, Vv=VM code)
j  edu.ysu.itrace.trackers.TobiiTracker$Calibrator.jniGetCalibration()[D+0
j  edu.ysu.itrace.trackers.TobiiTracker$Calibrator.displayCalibrationStatus(Ljavax/swing/JFrame;)V+1
J 901 C1 edu.ysu.itrace.calibration.Calibrator$CalibrationAnimation.actionPerformed(Ljava/awt/event/ActionEvent;)V (432 bytes) @ 0x02fc2584 [0x02fc22f0+0x294]
J 809 C1 javax.swing.Timer.fireActionPerformed(Ljava/awt/event/ActionEvent;)V (46 bytes) @ 0x02ff42ac [0x02ff41e0+0xcc]
J 888 C1 javax.swing.Timer$DoPostEvent.run()V (95 bytes) @ 0x02fc867c [0x02fc8310+0x36c]
J 751 C1 java.awt.event.InvocationEvent.dispatch()V (69 bytes) @ 0x02f934dc [0x02f933f0+0xec]
J 539 C1 java.awt.EventQueue.dispatchEventImpl(Ljava/awt/AWTEvent;Ljava/lang/Object;)V (149 bytes) @ 0x0304388c [0x030433d0+0x4bc]
J 564 C1 java.awt.EventQueue$3.run()Ljava/lang/Void; (60 bytes) @ 0x0304df5c [0x0304df00+0x5c]
J 563 C1 java.awt.EventQueue$3.run()Ljava/lang/Object; (5 bytes) @ 0x0304dce0 [0x0304dcc0+0x20]
v  ~StubRoutines::call_stub
J 449  java.security.AccessController.doPrivileged(Ljava/security/PrivilegedAction;Ljava/security/AccessControlContext;)Ljava/lang/Object; (0 bytes) @ 0x03027ec7 [0x03027e60+0x67]
J 535 C1 java.awt.EventQueue.dispatchEvent(Ljava/awt/AWTEvent;)V (80 bytes) @ 0x03041f48 [0x03041d40+0x208]
J 444 C1 java.awt.EventDispatchThread.pumpOneEventForFilters(I)V (295 bytes) @ 0x03025cd0 [0x03025640+0x690]
j  java.awt.EventDispatchThread.pumpEventsForFilter(ILjava/awt/Conditional;Ljava/awt/EventFilter;)V+35
j  java.awt.EventDispatchThread.pumpEventsForHierarchy(ILjava/awt/Conditional;Ljava/awt/Component;)V+11
j  java.awt.EventDispatchThread.pumpEvents(ILjava/awt/Conditional;)V+4
j  java.awt.EventDispatchThread.pumpEvents(Ljava/awt/Conditional;)V+3
j  java.awt.EventDispatchThread.run()V+9
v  ~StubRoutines::call_stub

---------------  P R O C E S S  ---------------

Java Threads: ( => current thread )
  0x02eeec00 JavaThread "DestroyJavaVM" [_thread_blocked, id=7720, stack(0x012d0000,0x01320000)]
  0x15bf5c00 JavaThread "Thread-4" [_thread_in_native, id=10544, stack(0x195f0000,0x19640000)]
  0x15cf4800 JavaThread "Thread-3" [_thread_in_native, id=14104, stack(0x195f0000,0x19640000)]
  0x1557a000 JavaThread "D3D Screen Updater" daemon [_thread_blocked, id=7872, stack(0x18aa0000,0x18af0000)]
  0x15577400 JavaThread "TimerQueue" daemon [_thread_blocked, id=12544, stack(0x18a10000,0x18a60000)]
=>0x15c79800 JavaThread "AWT-EventQueue-0" [_thread_in_native, id=13156, stack(0x18800000,0x18850000)]
  0x15b66000 JavaThread "AWT-Shutdown" [_thread_blocked, id=9952, stack(0x16d20000,0x16d70000)]
  0x15b68c00 JavaThread "AWT-Windows" daemon [_thread_in_native, id=5192, stack(0x16db0000,0x16e00000)]
  0x15b65c00 JavaThread "Java2D Disposer" daemon [_thread_blocked, id=3680, stack(0x16c90000,0x16ce0000)]
  0x1548f000 JavaThread "Service Thread" daemon [_thread_blocked, id=5084, stack(0x15850000,0x158a0000)]
  0x15486000 JavaThread "C1 CompilerThread0" daemon [_thread_blocked, id=6400, stack(0x157c0000,0x15810000)]
  0x15485000 JavaThread "Attach Listener" daemon [_thread_blocked, id=4344, stack(0x15730000,0x15780000)]
  0x15490000 JavaThread "Signal Dispatcher" daemon [_thread_blocked, id=11356, stack(0x156a0000,0x156f0000)]
  0x1547cc00 JavaThread "Finalizer" daemon [_thread_blocked, id=6780, stack(0x02e90000,0x02ee0000)]
  0x15466400 JavaThread "Reference Handler" daemon [_thread_blocked, id=6644, stack(0x02e00000,0x02e50000)]

Other Threads:
  0x15460400 VMThread [stack: 0x02db0000,0x02e00000] [id=4196]
  0x154b7800 WatcherThread [stack: 0x158e0000,0x15930000] [id=8212]

VM state:not at safepoint (normal execution)

VM Mutex/Monitor currently owned by a thread: None

Heap:
 def new generation   total 4992K, used 89K [0x05000000, 0x05560000, 0x0a550000)
  eden space 4480K,   2% used [0x05000000, 0x05016678, 0x05460000)
  from space 512K,   0% used [0x05460000, 0x05460000, 0x054e0000)
  to   space 512K,   0% used [0x054e0000, 0x054e0000, 0x05560000)
 tenured generation   total 25536K, used 17272K [0x0a550000, 0x0be40000, 0x15000000)
   the space 25536K,  67% used [0x0a550000, 0x0b62e3f0, 0x0b62e400, 0x0be40000)
 Metaspace       used 6289K, capacity 6462K, committed 6528K, reserved 6528K

Card table byte_map: [0x02d20000,0x02db0000] byte_map_base: 0x02cf8000

Polling page: 0x010f0000

CodeCache: size=32768Kb used=1524Kb max_used=1576Kb free=31243Kb
 bounds [0x02ef0000, 0x03080000, 0x04ef0000]
 total_blobs=889 nmethods=672 adapters=148
 compilation: enabled

Compilation events (10 events):
Event: 65.205 Thread 0x15486000  906             java.util.IdentityHashMap::isEmpty (13 bytes)
Event: 65.205 Thread 0x15486000 nmethod 906 0x02fc1708 code [0x02fc1800, 0x02fc1890]
Event: 65.616 Thread 0x15486000  907             java.awt.Image::getAccelerationPriority (5 bytes)
Event: 65.617 Thread 0x15486000 nmethod 907 0x02fc1548 code [0x02fc1640, 0x02fc16c0]
Event: 65.742 Thread 0x15486000  908             java.awt.geom.EllipseIterator::isDone (14 bytes)
Event: 65.742 Thread 0x15486000 nmethod 908 0x02fc1388 code [0x02fc1480, 0x02fc1510]
Event: 65.909 Thread 0x15486000  909             sun.awt.AWTAutoShutdown::isReadyToShutdown (37 bytes)
Event: 65.909 Thread 0x15486000 nmethod 909 0x02ffbb08 code [0x02ffbc10, 0x02ffbd08]
Event: 66.075 Thread 0x15486000  910             sun.awt.windows.WToolkit::needUpdateWindow (2 bytes)
Event: 66.075 Thread 0x15486000 nmethod 910 0x02ffb948 code [0x02ffba40, 0x02ffbac0]

GC Heap History (10 events):
Event: 35.448 GC heap before
{Heap before GC invocations=6412 (full 0):
 def new generation   total 4928K, used 4416K [0x05000000, 0x05550000, 0x0a550000)
  eden space 4416K, 100% used [0x05000000, 0x05450000, 0x05450000)
  from space 512K,   0% used [0x05450000, 0x05450070, 0x054d0000)
  to   space 512K,   0% used [0x054d0000, 0x054d0000, 0x05550000)
 tenured generation   total 10944K, used 4981K [0x0a550000, 0x0b000000, 0x15000000)
   the space 10944K,  45% used [0x0a550000, 0x0aa2d6f0, 0x0aa2d800, 0x0b000000)
 Metaspace       used 6285K, capacity 6474K, committed 6528K, reserved 6528K
Event: 35.449 GC heap after
Heap after GC invocations=6413 (full 0):
 def new generation   total 4928K, used 0K [0x05000000, 0x05550000, 0x0a550000)
  eden space 4416K,   0% used [0x05000000, 0x05000000, 0x05450000)
  from space 512K,   0% used [0x054d0000, 0x054d0070, 0x05550000)
  to   space 512K,   0% used [0x05450000, 0x05450000, 0x054d0000)
 tenured generation   total 10944K, used 4981K [0x0a550000, 0x0b000000, 0x15000000)
   the space 10944K,  45% used [0x0a550000, 0x0aa2d6f0, 0x0aa2d800, 0x0b000000)
 Metaspace       used 6285K, capacity 6474K, committed 6528K, reserved 6528K
}
Event: 35.453 GC heap before
{Heap before GC invocations=6413 (full 0):
 def new generation   total 4928K, used 4416K [0x05000000, 0x05550000, 0x0a550000)
  eden space 4416K, 100% used [0x05000000, 0x05450000, 0x05450000)
  from space 512K,   0% used [0x054d0000, 0x054d0070, 0x05550000)
  to   space 512K,   0% used [0x05450000, 0x05450000, 0x054d0000)
 tenured generation   total 10944K, used 4981K [0x0a550000, 0x0b000000, 0x15000000)
   the space 10944K,  45% used [0x0a550000, 0x0aa2d6f0, 0x0aa2d800, 0x0b000000)
 Metaspace       used 6285K, capacity 6474K, committed 6528K, reserved 6528K
Event: 35.454 GC heap after
Heap after GC invocations=6414 (full 0):
 def new generation   total 4928K, used 0K [0x05000000, 0x05550000, 0x0a550000)
  eden space 4416K,   0% used [0x05000000, 0x05000000, 0x05450000)
  from space 512K,   0% used [0x05450000, 0x05450070, 0x054d0000)
  to   space 512K,   0% used [0x054d0000, 0x054d0000, 0x05550000)
 tenured generation   total 10944K, used 4981K [0x0a550000, 0x0b000000, 0x15000000)
   the space 10944K,  45% used [0x0a550000, 0x0aa2d6f0, 0x0aa2d800, 0x0b000000)
 Metaspace       used 6285K, capacity 6474K, committed 6528K, reserved 6528K
}
Event: 47.175 GC heap before
{Heap before GC invocations=6414 (full 0):
 def new generation   total 4928K, used 4416K [0x05000000, 0x05550000, 0x0a550000)
  eden space 4416K, 100% used [0x05000000, 0x05450000, 0x05450000)
  from space 512K,   0% used [0x05450000, 0x05450070, 0x054d0000)
  to   space 512K,   0% used [0x054d0000, 0x054d0000, 0x05550000)
 tenured generation   total 10944K, used 4981K [0x0a550000, 0x0b000000, 0x15000000)
   the space 10944K,  45% used [0x0a550000, 0x0aa2d6f0, 0x0aa2d800, 0x0b000000)
 Metaspace       used 6285K, capacity 6474K, committed 6528K, reserved 6528K
Event: 47.175 GC heap after
Heap after GC invocations=6415 (full 0):
 def new generation   total 4928K, used 5K [0x05000000, 0x05550000, 0x0a550000)
  eden space 4416K,   0% used [0x05000000, 0x05000000, 0x05450000)
  from space 512K,   1% used [0x054d0000, 0x054d1480, 0x05550000)
  to   space 512K,   0% used [0x05450000, 0x05450000, 0x054d0000)
 tenured generation   total 10944K, used 4981K [0x0a550000, 0x0b000000, 0x15000000)
   the space 10944K,  45% used [0x0a550000, 0x0aa2d6f0, 0x0aa2d800, 0x0b000000)
 Metaspace       used 6285K, capacity 6474K, committed 6528K, reserved 6528K
}
Event: 60.264 GC heap before
{Heap before GC invocations=6415 (full 0):
 def new generation   total 4928K, used 4420K [0x05000000, 0x05550000, 0x0a550000)
  eden space 4416K,  99% used [0x05000000, 0x0544fc00, 0x05450000)
  from space 512K,   1% used [0x054d0000, 0x054d1480, 0x05550000)
  to   space 512K,   0% used [0x05450000, 0x05450000, 0x054d0000)
 tenured generation   total 10944K, used 4981K [0x0a550000, 0x0b000000, 0x15000000)
   the space 10944K,  45% used [0x0a550000, 0x0aa2d6f0, 0x0aa2d800, 0x0b000000)
 Metaspace       used 6285K, capacity 6474K, committed 6528K, reserved 6528K
Event: 60.265 GC heap after
Heap after GC invocations=6416 (full 0):
 def new generation   total 4928K, used 2K [0x05000000, 0x05550000, 0x0a550000)
  eden space 4416K,   0% used [0x05000000, 0x05000000, 0x05450000)
  from space 512K,   0% used [0x05450000, 0x05450b20, 0x054d0000)
  to   space 512K,   0% used [0x054d0000, 0x054d0000, 0x05550000)
 tenured generation   total 10944K, used 4981K [0x0a550000, 0x0b000000, 0x15000000)
   the space 10944K,  45% used [0x0a550000, 0x0aa2d6f0, 0x0aa2d800, 0x0b000000)
 Metaspace       used 6285K, capacity 6474K, committed 6528K, reserved 6528K
}
Event: 71.581 GC heap before
{Heap before GC invocations=6416 (full 0):
 def new generation   total 4928K, used 2097K [0x05000000, 0x05550000, 0x0a550000)
  eden space 4416K,  47% used [0x05000000, 0x0520bc78, 0x05450000)
  from space 512K,   0% used [0x05450000, 0x05450b20, 0x054d0000)
  to   space 512K,   0% used [0x054d0000, 0x054d0000, 0x05550000)
 tenured generation   total 10944K, used 4981K [0x0a550000, 0x0b000000, 0x15000000)
   the space 10944K,  45% used [0x0a550000, 0x0aa2d6f0, 0x0aa2d800, 0x0b000000)
 Metaspace       used 6293K, capacity 6474K, committed 6528K, reserved 6528K
Event: 71.589 GC heap after
Heap after GC invocations=6417 (full 1):
 def new generation   total 4992K, used 0K [0x05000000, 0x05560000, 0x0a550000)
  eden space 4480K,   0% used [0x05000000, 0x05000000, 0x05460000)
  from space 512K,   0% used [0x05460000, 0x05460000, 0x054e0000)
  to   space 512K,   0% used [0x054e0000, 0x054e0000, 0x05560000)
 tenured generation   total 10944K, used 2682K [0x0a550000, 0x0b000000, 0x15000000)
   the space 10944K,  24% used [0x0a550000, 0x0a7ee8a0, 0x0a7eea00, 0x0b000000)
 Metaspace       used 6289K, capacity 6462K, committed 6528K, reserved 6528K
}

Deoptimization events (0 events):
No events

Internal exceptions (10 events):
Event: 34.875 Thread 0x15bf5c00 Exception <a 'java/lang/NullPointerException'> (0x05349450) thrown at [C:\re\workspace\8-2-build-windows-i586-cygwin\jdk8u131\8869\hotspot\src\share\vm\runtime\sharedRuntime.cpp, line 1085]
Event: 34.887 Thread 0x15bf5c00 Exception <a 'java/lang/NullPointerException'> (0x050de068) thrown at [C:\re\workspace\8-2-build-windows-i586-cygwin\jdk8u131\8869\hotspot\src\share\vm\runtime\sharedRuntime.cpp, line 1085]
Event: 34.898 Thread 0x15bf5c00 Exception <a 'java/lang/NullPointerException'> (0x05229450) thrown at [C:\re\workspace\8-2-build-windows-i586-cygwin\jdk8u131\8869\hotspot\src\share\vm\runtime\sharedRuntime.cpp, line 1085]
Event: 34.909 Thread 0x15bf5c00 Exception <a 'java/lang/NullPointerException'> (0x05374788) thrown at [C:\re\workspace\8-2-build-windows-i586-cygwin\jdk8u131\8869\hotspot\src\share\vm\runtime\sharedRuntime.cpp, line 1085]
Event: 34.920 Thread 0x15bf5c00 Exception <a 'java/lang/NullPointerException'> (0x050de0f8) thrown at [C:\re\workspace\8-2-build-windows-i586-cygwin\jdk8u131\8869\hotspot\src\share\vm\runtime\sharedRuntime.cpp, line 1085]
Event: 34.931 Thread 0x15bf5c00 Exception <a 'java/lang/NullPointerException'> (0x051e6fa8) thrown at [C:\re\workspace\8-2-build-windows-i586-cygwin\jdk8u131\8869\hotspot\src\share\vm\runtime\sharedRuntime.cpp, line 1085]
Event: 34.942 Thread 0x15bf5c00 Exception <a 'java/lang/NullPointerException'> (0x05306120) thrown at [C:\re\workspace\8-2-build-windows-i586-cygwin\jdk8u131\8869\hotspot\src\share\vm\runtime\sharedRuntime.cpp, line 1085]
Event: 34.954 Thread 0x15bf5c00 Exception <a 'java/lang/NullPointerException'> (0x050c7fd0) thrown at [C:\re\workspace\8-2-build-windows-i586-cygwin\jdk8u131\8869\hotspot\src\share\vm\runtime\sharedRuntime.cpp, line 1085]
Event: 34.965 Thread 0x15bf5c00 Exception <a 'java/lang/NullPointerException'> (0x05229450) thrown at [C:\re\workspace\8-2-build-windows-i586-cygwin\jdk8u131\8869\hotspot\src\share\vm\runtime\sharedRuntime.cpp, line 1085]
Event: 34.975 Thread 0x15bf5c00 Exception <a 'java/lang/NullPointerException'> (0x053a0a18) thrown at [C:\re\workspace\8-2-build-windows-i586-cygwin\jdk8u131\8869\hotspot\src\share\vm\runtime\sharedRuntime.cpp, line 1085]

Events (10 events):
Event: 70.693 Executing VM operation: RevokeBias
Event: 70.693 Executing VM operation: RevokeBias done
Event: 70.693 loading class java/awt/LightweightDispatcher$2
Event: 70.705 loading class java/awt/LightweightDispatcher$2 done
Event: 70.705 loading class java/awt/event/AWTEventListenerProxy
Event: 70.705 loading class java/awt/event/AWTEventListenerProxy done
Event: 70.705 loading class java/awt/Toolkit$ToolkitEventMulticaster
Event: 70.712 loading class java/awt/Toolkit$ToolkitEventMulticaster done
Event: 71.581 Executing VM operation: GenCollectForAllocation
Event: 71.589 Executing VM operation: GenCollectForAllocation done


Dynamic libraries:
0x00d00000 - 0x00d33000 	C:\Program Files (x86)\Java\jre1.8.0_131\bin\javaw.exe
0x77040000 - 0x771af000 	C:\Windows\SYSTEM32\ntdll.dll
0x74900000 - 0x74a40000 	C:\Windows\SYSTEM32\KERNEL32.DLL
0x76560000 - 0x76637000 	C:\Windows\SYSTEM32\KERNELBASE.dll
0x704f0000 - 0x7051f000 	C:\Program Files\AVAST Software\Avast\aswhookx.dll
0x6e270000 - 0x6e310000 	C:\Windows\system32\apphelp.dll
0x78330000 - 0x78596000 	C:\Windows\AppPatch\AcGenral.DLL
0x74830000 - 0x748f3000 	C:\Windows\SYSTEM32\msvcrt.dll
0x76390000 - 0x763d1000 	C:\Windows\SYSTEM32\sechost.dll
0x75d00000 - 0x75d1e000 	C:\Windows\SYSTEM32\SspiCli.dll
0x761a0000 - 0x761e5000 	C:\Windows\SYSTEM32\SHLWAPI.dll
0x6db40000 - 0x6dc2d000 	C:\Windows\SYSTEM32\UxTheme.dll
0x763e0000 - 0x76533000 	C:\Windows\SYSTEM32\USER32.dll
0x766c0000 - 0x767cc000 	C:\Windows\SYSTEM32\GDI32.dll
0x6fe60000 - 0x6fe83000 	C:\Windows\SYSTEM32\WINMM.dll
0x72820000 - 0x72833000 	C:\Windows\SYSTEM32\samcli.dll
0x767e0000 - 0x76909000 	C:\Windows\SYSTEM32\ole32.dll
0x76100000 - 0x76197000 	C:\Windows\SYSTEM32\OLEAUT32.dll
0x6b730000 - 0x6b747000 	C:\Windows\SYSTEM32\MSACM32.dll
0x747b0000 - 0x747b8000 	C:\Windows\SYSTEM32\VERSION.dll
0x74a40000 - 0x75cfb000 	C:\Windows\SYSTEM32\SHELL32.dll
0x73720000 - 0x7373b000 	C:\Windows\SYSTEM32\USERENV.dll
0x70370000 - 0x7038a000 	C:\Windows\SYSTEM32\dwmapi.dll
0x70b90000 - 0x70cdb000 	C:\Windows\SYSTEM32\urlmon.dll
0x76640000 - 0x766bc000 	C:\Windows\SYSTEM32\ADVAPI32.dll
0x74740000 - 0x747a5000 	C:\Windows\SYSTEM32\WINSPOOL.DRV
0x70750000 - 0x70766000 	C:\Windows\SYSTEM32\MPR.dll
0x76b30000 - 0x76bea000 	C:\Windows\SYSTEM32\RPCRT4.dll
0x74820000 - 0x7482a000 	C:\Windows\SYSTEM32\CRYPTBASE.dll
0x769a0000 - 0x76b1d000 	C:\Windows\SYSTEM32\combase.dll
0x6fe00000 - 0x6fe23000 	C:\Windows\SYSTEM32\WINMMBASE.dll
0x73700000 - 0x7370f000 	C:\Windows\SYSTEM32\profapi.dll
0x73740000 - 0x73975000 	C:\Windows\SYSTEM32\iertutil.dll
0x73bc0000 - 0x73e6b000 	C:\Windows\SYSTEM32\WININET.dll
0x747c0000 - 0x74814000 	C:\Windows\SYSTEM32\bcryptPrimitives.dll
0x760c0000 - 0x760fc000 	C:\Windows\SYSTEM32\cfgmgr32.dll
0x746c0000 - 0x746e1000 	C:\Windows\SYSTEM32\DEVOBJ.dll
0x72620000 - 0x726ab000 	C:\Windows\SYSTEM32\SHCORE.DLL
0x761f0000 - 0x76217000 	C:\Windows\system32\IMM32.DLL
0x76cd0000 - 0x76de2000 	C:\Windows\SYSTEM32\MSCTF.dll
0x5c3f0000 - 0x5c5f6000 	C:\Windows\WinSxS\x86_microsoft.windows.common-controls_6595b64144ccf1df_6.0.9600.18006_none_a9ec6aab013aafee\COMCTL32.dll
0x788b0000 - 0x7896f000 	C:\Program Files (x86)\Java\jre1.8.0_131\bin\msvcr100.dll
0x530e0000 - 0x534ae000 	C:\Program Files (x86)\Java\jre1.8.0_131\bin\client\jvm.dll
0x74270000 - 0x74278000 	C:\Windows\SYSTEM32\WSOCK32.dll
0x76c80000 - 0x76c86000 	C:\Windows\SYSTEM32\PSAPI.DLL
0x76070000 - 0x760bf000 	C:\Windows\SYSTEM32\WS2_32.dll
0x767d0000 - 0x767d7000 	C:\Windows\SYSTEM32\NSI.dll
0x54a70000 - 0x54a7c000 	C:\Program Files (x86)\Java\jre1.8.0_131\bin\verify.dll
0x54a40000 - 0x54a61000 	C:\Program Files (x86)\Java\jre1.8.0_131\bin\java.dll
0x50d00000 - 0x50d13000 	C:\Program Files (x86)\Java\jre1.8.0_131\bin\zip.dll
0x04fd0000 - 0x04ff2000 	C:\Users\Dennis\workspace\Masters-Thesis-iTrace-extension\iTrace\TobiiTracker.dll
0x15d30000 - 0x15d47000 	C:\MinGW\bin\tobii_research.dll
0x15d50000 - 0x15d6a000 	C:\Windows\SYSTEM32\VCRUNTIME140D.dll
0x15d70000 - 0x15ee1000 	C:\Windows\SYSTEM32\ucrtbased.dll
0x15ef0000 - 0x15fb2000 	C:\MinGW\bin\tobii_pro.dll
0x15fc0000 - 0x160c4000 	C:\MinGW\bin\tobii_stream_engine.dll
0x73980000 - 0x739a0000 	C:\Windows\SYSTEM32\IPHLPAPI.DLL
0x72990000 - 0x729a3000 	C:\Windows\SYSTEM32\NETAPI32.dll
0x75ee0000 - 0x76068000 	C:\Windows\SYSTEM32\CRYPT32.dll
0x73710000 - 0x73718000 	C:\Windows\SYSTEM32\WINNSI.DLL
0x72880000 - 0x7288a000 	C:\Windows\SYSTEM32\netutils.dll
0x72860000 - 0x7287d000 	C:\Windows\SYSTEM32\srvcli.dll
0x72840000 - 0x72851000 	C:\Windows\SYSTEM32\wkscli.dll
0x76550000 - 0x7655e000 	C:\Windows\SYSTEM32\MSASN1.dll
0x734c0000 - 0x734d9000 	C:\Windows\SYSTEM32\CRYPTSP.dll
0x73490000 - 0x734c0000 	C:\Windows\system32\rsaenh.dll
0x73470000 - 0x7348e000 	C:\Windows\SYSTEM32\bcrypt.dll
0x72590000 - 0x725db000 	C:\Windows\system32\mswsock.dll
0x72570000 - 0x72584000 	C:\Windows\SYSTEM32\dhcpcsvc.DLL
0x72550000 - 0x72563000 	C:\Windows\SYSTEM32\dhcpcsvc6.DLL
0x739a0000 - 0x73a1e000 	C:\Windows\SYSTEM32\DNSAPI.dll
0x6c9b0000 - 0x6caf5000 	C:\Program Files (x86)\Java\jre1.8.0_131\bin\awt.dll
0x50140000 - 0x5021e000 	C:\Windows\system32\opengl32.dll
0x50d60000 - 0x50d85000 	C:\Windows\SYSTEM32\GLU32.dll
0x68860000 - 0x6894c000 	C:\Windows\SYSTEM32\DDRAW.dll
0x70d60000 - 0x70d67000 	C:\Windows\SYSTEM32\DCIMAN32.dll
0x734f0000 - 0x734f9000 	C:\Windows\SYSTEM32\kernel.appcore.dll
0x6d3c0000 - 0x6d593000 	C:\Windows\system32\d3d9.dll
0x5ef80000 - 0x5fba9000 	C:\Windows\SYSTEM32\nvd3dum.dll
0x16e20000 - 0x16f7c000 	C:\Windows\system32\nvspcap.dll
0x75d20000 - 0x75ed1000 	C:\Windows\SYSTEM32\SETUPAPI.dll
0x73a20000 - 0x73abe000 	C:\Windows\SYSTEM32\WINHTTP.dll
0x67970000 - 0x67c98000 	C:\Windows\system32\nvapi.dll
0x725e0000 - 0x72620000 	C:\Windows\system32\powrprof.dll
0x6b750000 - 0x6b810000 	C:\Program Files (x86)\NVIDIA Corporation\3D Vision\nvSCPAPI.dll
0x6d170000 - 0x6d1a9000 	C:\Program Files (x86)\Java\jre1.8.0_131\bin\fontmanager.dll
0x19380000 - 0x193a4000 	C:\Program Files (x86)\Java\jre1.8.0_131\bin\dcpr.dll
0x735b0000 - 0x736f1000 	C:\Windows\SYSTEM32\dbghelp.dll

VM Arguments:
jvm_args: -Dfile.encoding=Cp1252 
java_command: edu.ysu.itrace.trackers.TobiiTracker -clean
java_class_path (initial): C:\Users\Dennis\workspace\Masters-Thesis-iTrace-extension\iTrace\lib\TETJavaClient.jar;C:\Users\Dennis\.p2\pool\plugins\org.eclipse.ui_3.108.1.v20160929-1045.jar;C:\Users\Dennis\.p2\pool\plugins\org.eclipse.swt_3.105.3.v20170228-0512.jar;C:\Users\Dennis\.p2\pool\plugins\org.eclipse.swt.win32.win32.x86_3.105.3.v20170228-0512.jar;C:\Users\Dennis\.p2\pool\plugins\org.eclipse.jface_3.12.2.v20170113-2113.jar;C:\Users\Dennis\.p2\pool\plugins\org.eclipse.core.commands_3.8.1.v20161221-1651.jar;C:\Users\Dennis\.p2\pool\plugins\org.eclipse.ui.workbench_3.108.3.v20170216-1539.jar;C:\Users\Dennis\.p2\pool\plugins\org.eclipse.e4.ui.workbench3_0.13.100.v20160506-0759.jar;C:\Users\Dennis\.p2\pool\plugins\org.eclipse.core.runtime_3.12.0.v20160606-1342.jar;C:\Users\Dennis\.p2\pool\plugins\javax.inject_1.0.0.v20091030.jar;C:\Users\Dennis\.p2\pool\plugins\org.eclipse.osgi_3.11.3.v20170209-1843.jar;C:\Users\Dennis\.p2\pool\plugins\org.eclipse.osgi.compatibility.state_1.0.200.v20160504-1419.jar;C:\Users\Dennis\.p2\pool\plugins\org.eclipse.wst.jsdt.nashorn.extension_1.0.2.v201610280128.jar;C:\Users\Dennis\.p2\pool\plugins\org.eclipse.equinox.common_3.8.0.v20160509-1230.jar;C:\Users\Dennis\.p2\pool\plugins\org.eclipse.core.jobs_3.8.0.v20160509-0411.jar;C:\Users\Dennis\.p2\pool\plugins\org.eclipse.equinox.registry_3.6.100.v20160223-2218.jar;C:\Users\Dennis\.p2\pool\plugins\org.eclipse.equinox.preferences_3.6.1.v20160815-1406.jar;C:\Users\Dennis\.p2\pool\plugins\org.eclipse.core.contenttype_3.5.100.v20160418-1621.jar;C:\Users\Dennis\.p2\pool\plugins\org.eclipse.equinox.app_1.3.400.v20150715-1528.jar;C:\Users\Dennis\.p2\pool\plugins\org.eclipse.ui.ide_3.12.3.v20170119-0935.jar;C:\Users\Dennis\.p2\pool\plugins\org.eclipse.core.resources_3.11.1.v20161107-2032.jar;C:\Users\Dennis\.p2\pool\plugins\org.eclipse.jface.text_3.11.2.v20170220-1911.jar;C:\Users\Dennis\.p2\pool\plugins\org.eclipse.text_3.6.0.v20160503-1849.jar;C:\Users\Dennis\.p2\pool\plugins\org.eclipse.ui.
Launcher Type: SUN_STANDARD

Environment Variables:
PATH=C:/Program Files (x86)/Java/jre1.8.0_131/bin/client;C:/Program Files (x86)/Java/jre1.8.0_131/bin;C:/Program Files (x86)/Java/jre1.8.0_131/lib/i386;C:\ProgramData\Oracle\Java\javapath;C:\Windows\system32;C:\Windows;C:\Windows\System32\Wbem;C:\Windows\System32\WindowsPowerShell\v1.0\;C:\Program Files (x86)\NVIDIA Corporation\PhysX\Common;C:\Python27;C:\Windows\system32\config\systemprofile\.dnx\bin;C:\Program Files\Microsoft DNX\Dnvm\;C:\Program Files (x86)\GtkSharp\2.12\bin;C:\Program Files (x86)\Java\jdk1.8.0_144\bin;C:\Program Files (x86)\Skype\Phone\;C:\Program Files (x86)\Microsoft SQL Server\100\Tools\Binn\;C:\Program Files (x86)\Microsoft SQL Server\100\DTS\Binn\;C:\Windows\System32\;C:\Program Files\CMake\bin;C:\MinGW/bin;C:\Program Files\Microsoft SQL Server\130\Tools\Binn\;C:\Program Files\dotnet\;C:\Program Files\Git\cmd;C:\Users\Dennis\Anaconda2;C:\Users\Dennis\Anaconda2\Scripts;C:\Users\Dennis\Anaconda2\Library\bin;C:\Users\Dennis\Desktop;
USERNAME=Dennis
OS=Windows_NT
PROCESSOR_IDENTIFIER=Intel64 Family 6 Model 42 Stepping 7, GenuineIntel



---------------  S Y S T E M  ---------------

OS: Windows 8.1 , 64 bit Build 9600 (6.3.9600.17415)

CPU:total 4 (initial active 4) (4 cores per cpu, 1 threads per core) family 6 model 42 stepping 7, cmov, cx8, fxsr, mmx, sse, sse2, sse3, ssse3, sse4.1, sse4.2, popcnt, avx, aes, clmul, tsc, tscinvbit

Memory: 4k page, physical 8298008k(2853244k free), swap 16661508k(9915720k free)

vm_info: Java HotSpot(TM) Client VM (25.131-b11) for windows-x86 JRE (1.8.0_131-b11), built on Mar 15 2017 01:26:29 by "java_re" with MS VC++ 10.0 (VS2010)

time: Wed Oct 04 09:29:51 2017
elapsed time: 71 seconds (0d 0h 1m 11s)

