#
# A fatal error has been detected by the Java Runtime Environment:
#
#  EXCEPTION_ACCESS_VIOLATION (0xc0000005) at pc=0x165f121c, pid=3404, tid=0x00002ce4
#
# JRE version: Java(TM) SE Runtime Environment (8.0_131-b11) (build 1.8.0_131-b11)
# Java VM: Java HotSpot(TM) Client VM (25.131-b11 mixed mode, sharing windows-x86 )
# Problematic frame:
# C  [ucrtbased.dll+0xf121c]
#
# Failed to write core dump. Minidumps are not enabled by default on client versions of Windows
#
# If you would like to submit a bug report, please visit:
#   http://bugreport.java.com/bugreport/crash.jsp
# The crash happened outside the Java Virtual Machine in native code.
# See problematic frame for where to report the bug.
#

---------------  T H R E A D  ---------------

Current thread (0x0257ec00):  JavaThread "AWT-EventQueue-0" [_thread_in_native, id=11492, stack(0x189d0000,0x18a20000)]

siginfo: ExceptionCode=0xc0000005, reading address 0x00000001

Registers:
EAX=0x00000001, EBX=0x18a1e4f0, ECX=0x00000001, EDX=0x00000000
ESP=0x18a1e458, EBP=0x18a1e460, ESI=0x18a1eae0, EDI=0x18a1ebac
EIP=0x165f121c, EFLAGS=0x00010246

Top of Stack: (sp=0x18a1e458)
0x18a1e458:   00000010 00000001 18a1e4e0 165f1a7e
0x18a1e468:   00000001 0000000f 165bd896 000000c0
0x18a1e478:   18a1e4b4 18a1e4a8 165ead38 18a1eae0
0x18a1e488:   16660ba4 18a1e4d8 18a1e4a0 00000001
0x18a1e498:   00000000 00a68480 00000000 00000001
0x18a1e4a8:   18a1e4cc 165ea9ca 00000053 16660b98
0x18a1e4b8:   18a1eae0 0000000f 0000000f 0000000f
0x18a1e4c8:   00000001 00000001 0000000f 00000053 

Instructions: (pc=0x165f121c)
0x165f11fc:   83 c2 01 89 55 fc 8b 45 f8 50 8b 4d fc 51 e8 41
0x165f120c:   0b 00 00 83 c4 08 0f b6 d0 85 d2 75 0c 8b 45 fc
0x165f121c:   0f b6 08 85 c9 74 02 eb d4 8b 45 fc 2b 45 08 8b
0x165f122c:   e5 5d c3 cc 8b ff 55 8b ec 83 ec 08 8b 45 0c 8b 


Register to memory mapping:

EAX=0x00000001 is an unknown value
EBX=0x18a1e4f0 is pointing into the stack for thread: 0x0257ec00
ECX=0x00000001 is an unknown value
EDX=0x00000000 is an unknown value
ESP=0x18a1e458 is pointing into the stack for thread: 0x0257ec00
EBP=0x18a1e460 is pointing into the stack for thread: 0x0257ec00
ESI=0x18a1eae0 is pointing into the stack for thread: 0x0257ec00
EDI=0x18a1ebac is pointing into the stack for thread: 0x0257ec00


Stack: [0x189d0000,0x18a20000],  sp=0x18a1e458,  free space=313k
Native frames: (J=compiled Java code, j=interpreted, Vv=VM code, C=native code)
C  [ucrtbased.dll+0xf121c]
C  [ucrtbased.dll+0xf1a7e]
C  [ucrtbased.dll+0xf1118]
C  [ucrtbased.dll+0xf1f72]
C  [ucrtbased.dll+0xe1d89]
C  [ucrtbased.dll+0xe199f]
C  [ucrtbased.dll+0xd8bc2]
C  [ucrtbased.dll+0xd2739]
C  [ucrtbased.dll+0xd14e9]
C  [ucrtbased.dll+0xc9a93]
C  [ucrtbased.dll+0xc9dae]
C  [ucrtbased.dll+0xca3dd]
C  [ucrtbased.dll+0xe5372]
C  [TobiiTracker.dll+0x122c2]
C  [TobiiTracker.dll+0x1241d]
C  [TobiiTracker.dll+0x17c5d]
j  edu.ysu.itrace.trackers.TobiiTracker$Calibrator.jniGetCalibration()[D+0
j  edu.ysu.itrace.trackers.TobiiTracker$Calibrator.displayCalibrationStatus(Ljavax/swing/JFrame;)V+1
j  edu.ysu.itrace.calibration.Calibrator$CalibrationAnimation.actionPerformed(Ljava/awt/event/ActionEvent;)V+407
J 739 C1 javax.swing.Timer.fireActionPerformed(Ljava/awt/event/ActionEvent;)V (46 bytes) @ 0x0267dc6c [0x0267dba0+0xcc]
J 846 C1 javax.swing.Timer$DoPostEvent.run()V (95 bytes) @ 0x0266d63c [0x0266d2d0+0x36c]
J 664 C1 java.awt.event.InvocationEvent.dispatch()V (69 bytes) @ 0x0273ee9c [0x0273edb0+0xec]
J 761 C1 java.awt.EventQueue.dispatchEventImpl(Ljava/awt/AWTEvent;Ljava/lang/Object;)V (149 bytes) @ 0x0269e4cc [0x0269e010+0x4bc]
J 765 C1 java.awt.EventQueue$3.run()Ljava/lang/Void; (60 bytes) @ 0x0269d01c [0x0269cfc0+0x5c]
J 764 C1 java.awt.EventQueue$3.run()Ljava/lang/Object; (5 bytes) @ 0x0269d3e0 [0x0269d3c0+0x20]
v  ~StubRoutines::call_stub
V  [jvm.dll+0x15af45]
V  [jvm.dll+0x2213ae]
V  [jvm.dll+0x15afde]
V  [jvm.dll+0x10b2cf]
C  [java.dll+0x102f]
J 757 C1 java.awt.EventQueue.dispatchEvent(Ljava/awt/AWTEvent;)V (80 bytes) @ 0x02663488 [0x02663280+0x208]
J 532 C1 java.awt.EventDispatchThread.pumpOneEventForFilters(I)V (295 bytes) @ 0x0271b850 [0x0271b1c0+0x690]
j  java.awt.EventDispatchThread.pumpEventsForFilter(ILjava/awt/Conditional;Ljava/awt/EventFilter;)V+35
j  java.awt.EventDispatchThread.pumpEventsForHierarchy(ILjava/awt/Conditional;Ljava/awt/Component;)V+11
j  java.awt.EventDispatchThread.pumpEvents(ILjava/awt/Conditional;)V+4
j  java.awt.EventDispatchThread.pumpEvents(Ljava/awt/Conditional;)V+3
j  java.awt.EventDispatchThread.run()V+9
v  ~StubRoutines::call_stub
V  [jvm.dll+0x15af45]
V  [jvm.dll+0x2213ae]
V  [jvm.dll+0x15afde]
V  [jvm.dll+0x15b166]
V  [jvm.dll+0x15b1d7]
V  [jvm.dll+0xff36f]
V  [jvm.dll+0x17dc30]
V  [jvm.dll+0x17e4aa]
V  [jvm.dll+0x1c2ec6]
C  [msvcr100.dll+0x5c556]
C  [msvcr100.dll+0x5c600]
C  [KERNEL32.DLL+0x17c04]
C  [ntdll.dll+0x5ad2f]
C  [ntdll.dll+0x5acfa]
C  0x00000000

Java frames: (J=compiled Java code, j=interpreted, Vv=VM code)
j  edu.ysu.itrace.trackers.TobiiTracker$Calibrator.jniGetCalibration()[D+0
j  edu.ysu.itrace.trackers.TobiiTracker$Calibrator.displayCalibrationStatus(Ljavax/swing/JFrame;)V+1
j  edu.ysu.itrace.calibration.Calibrator$CalibrationAnimation.actionPerformed(Ljava/awt/event/ActionEvent;)V+407
J 739 C1 javax.swing.Timer.fireActionPerformed(Ljava/awt/event/ActionEvent;)V (46 bytes) @ 0x0267dc6c [0x0267dba0+0xcc]
J 846 C1 javax.swing.Timer$DoPostEvent.run()V (95 bytes) @ 0x0266d63c [0x0266d2d0+0x36c]
J 664 C1 java.awt.event.InvocationEvent.dispatch()V (69 bytes) @ 0x0273ee9c [0x0273edb0+0xec]
J 761 C1 java.awt.EventQueue.dispatchEventImpl(Ljava/awt/AWTEvent;Ljava/lang/Object;)V (149 bytes) @ 0x0269e4cc [0x0269e010+0x4bc]
J 765 C1 java.awt.EventQueue$3.run()Ljava/lang/Void; (60 bytes) @ 0x0269d01c [0x0269cfc0+0x5c]
J 764 C1 java.awt.EventQueue$3.run()Ljava/lang/Object; (5 bytes) @ 0x0269d3e0 [0x0269d3c0+0x20]
v  ~StubRoutines::call_stub
J 531  java.security.AccessController.doPrivileged(Ljava/security/PrivilegedAction;Ljava/security/AccessControlContext;)Ljava/lang/Object; (0 bytes) @ 0x0271ab47 [0x0271aae0+0x67]
J 757 C1 java.awt.EventQueue.dispatchEvent(Ljava/awt/AWTEvent;)V (80 bytes) @ 0x02663488 [0x02663280+0x208]
J 532 C1 java.awt.EventDispatchThread.pumpOneEventForFilters(I)V (295 bytes) @ 0x0271b850 [0x0271b1c0+0x690]
j  java.awt.EventDispatchThread.pumpEventsForFilter(ILjava/awt/Conditional;Ljava/awt/EventFilter;)V+35
j  java.awt.EventDispatchThread.pumpEventsForHierarchy(ILjava/awt/Conditional;Ljava/awt/Component;)V+11
j  java.awt.EventDispatchThread.pumpEvents(ILjava/awt/Conditional;)V+4
j  java.awt.EventDispatchThread.pumpEvents(Ljava/awt/Conditional;)V+3
j  java.awt.EventDispatchThread.run()V+9
v  ~StubRoutines::call_stub

---------------  P R O C E S S  ---------------

Java Threads: ( => current thread )
  0x00c7ec00 JavaThread "DestroyJavaVM" [_thread_blocked, id=6868, stack(0x00ed0000,0x00f20000)]
  0x1609c400 JavaThread "Thread-4" [_thread_in_native, id=10792, stack(0x190b0000,0x19100000)]
  0x1608d000 JavaThread "Thread-3" [_thread_in_native, id=10188, stack(0x1a0f0000,0x1a140000)]
  0x15c96400 JavaThread "D3D Screen Updater" daemon [_thread_blocked, id=7392, stack(0x19fb0000,0x1a000000)]
  0x02583000 JavaThread "TimerQueue" daemon [_thread_blocked, id=10312, stack(0x19f20000,0x19f70000)]
=>0x0257ec00 JavaThread "AWT-EventQueue-0" [_thread_in_native, id=11492, stack(0x189d0000,0x18a20000)]
  0x15fb5800 JavaThread "AWT-Shutdown" [_thread_blocked, id=4972, stack(0x17310000,0x17360000)]
  0x15fb8800 JavaThread "AWT-Windows" daemon [_thread_in_native, id=4088, stack(0x173a0000,0x173f0000)]
  0x15fb2400 JavaThread "Java2D Disposer" daemon [_thread_blocked, id=13596, stack(0x17280000,0x172d0000)]
  0x02583800 JavaThread "Service Thread" daemon [_thread_blocked, id=7924, stack(0x155e0000,0x15630000)]
  0x02556000 JavaThread "C1 CompilerThread0" daemon [_thread_blocked, id=3080, stack(0x15550000,0x155a0000)]
  0x02555000 JavaThread "Attach Listener" daemon [_thread_blocked, id=6944, stack(0x14a90000,0x14ae0000)]
  0x02553000 JavaThread "Signal Dispatcher" daemon [_thread_blocked, id=6304, stack(0x14a00000,0x14a50000)]
  0x02546000 JavaThread "Finalizer" daemon [_thread_blocked, id=5632, stack(0x14890000,0x148e0000)]
  0x024e9400 JavaThread "Reference Handler" daemon [_thread_blocked, id=10068, stack(0x14800000,0x14850000)]

Other Threads:
  0x024e5000 VMThread [stack: 0x04770000,0x047c0000] [id=7980]
  0x02591400 WatcherThread [stack: 0x15670000,0x156c0000] [id=10456]

VM state:not at safepoint (normal execution)

VM Mutex/Monitor currently owned by a thread: None

Heap:
 def new generation   total 4992K, used 89K [0x04800000, 0x04d60000, 0x09d50000)
  eden space 4480K,   2% used [0x04800000, 0x04816678, 0x04c60000)
  from space 512K,   0% used [0x04c60000, 0x04c60000, 0x04ce0000)
  to   space 512K,   0% used [0x04ce0000, 0x04ce0000, 0x04d60000)
 tenured generation   total 25076K, used 16815K [0x09d50000, 0x0b5cd000, 0x14800000)
   the space 25076K,  67% used [0x09d50000, 0x0adbbe50, 0x0adbc000, 0x0b5cd000)
 Metaspace       used 1003K, capacity 2526K, committed 2624K, reserved 4480K

Card table byte_map: [0x04640000,0x046d0000] byte_map_base: 0x0461c000

Polling page: 0x00a00000

CodeCache: size=32768Kb used=1443Kb max_used=1575Kb free=31324Kb
 bounds [0x025c0000, 0x02750000, 0x045c0000]
 total_blobs=855 nmethods=638 adapters=148
 compilation: enabled

Compilation events (10 events):
Event: 63.481 Thread 0x02556000  850             sun.awt.image.SunVolatileImage::getBackground (19 bytes)
Event: 63.481 Thread 0x02556000 nmethod 850 0x026c4588 code [0x026c4690, 0x026c473c]
Event: 63.481 Thread 0x02556000  851             sun.awt.image.SunVolatileImage::getFont (43 bytes)
Event: 63.482 Thread 0x02556000 nmethod 851 0x0266cd88 code [0x0266cea0, 0x0266d028]
Event: 63.542 Thread 0x02556000  852             sun.awt.image.SunVolatileImage::validate (9 bytes)
Event: 63.543 Thread 0x02556000 nmethod 852 0x0266cb48 code [0x0266cc50, 0x0266ccec]
Event: 63.586 Thread 0x02556000  853             sun.java2d.loops.CompositeType::equals (29 bytes)
Event: 63.586 Thread 0x02556000 nmethod 853 0x0266c8c8 code [0x0266c9c0, 0x0266cac0]
Event: 63.586 Thread 0x02556000  854             sun.awt.image.SunVolatileImage::contentsLost (8 bytes)
Event: 63.586 Thread 0x02556000 nmethod 854 0x0266c6c8 code [0x0266c7c0, 0x0266c850]

GC Heap History (10 events):
Event: 35.594 GC heap before
{Heap before GC invocations=6403 (full 0):
 def new generation   total 4928K, used 4422K [0x04800000, 0x04d50000, 0x09d50000)
  eden space 4416K, 100% used [0x04800000, 0x04c50000, 0x04c50000)
  from space 512K,   1% used [0x04cd0000, 0x04cd1908, 0x04d50000)
  to   space 512K,   0% used [0x04c50000, 0x04c50000, 0x04cd0000)
 tenured generation   total 10944K, used 5149K [0x09d50000, 0x0a800000, 0x14800000)
   the space 10944K,  47% used [0x09d50000, 0x0a2575c8, 0x0a257600, 0x0a800000)
 Metaspace       used 1003K, capacity 2538K, committed 2624K, reserved 4480K
Event: 35.595 GC heap after
Heap after GC invocations=6404 (full 0):
 def new generation   total 4928K, used 5K [0x04800000, 0x04d50000, 0x09d50000)
  eden space 4416K,   0% used [0x04800000, 0x04800000, 0x04c50000)
  from space 512K,   1% used [0x04c50000, 0x04c515d0, 0x04cd0000)
  to   space 512K,   0% used [0x04cd0000, 0x04cd0000, 0x04d50000)
 tenured generation   total 10944K, used 5150K [0x09d50000, 0x0a800000, 0x14800000)
   the space 10944K,  47% used [0x09d50000, 0x0a257900, 0x0a257a00, 0x0a800000)
 Metaspace       used 1003K, capacity 2538K, committed 2624K, reserved 4480K
}
Event: 35.599 GC heap before
{Heap before GC invocations=6404 (full 0):
 def new generation   total 4928K, used 4421K [0x04800000, 0x04d50000, 0x09d50000)
  eden space 4416K, 100% used [0x04800000, 0x04c50000, 0x04c50000)
  from space 512K,   1% used [0x04c50000, 0x04c515d0, 0x04cd0000)
  to   space 512K,   0% used [0x04cd0000, 0x04cd0000, 0x04d50000)
 tenured generation   total 10944K, used 5150K [0x09d50000, 0x0a800000, 0x14800000)
   the space 10944K,  47% used [0x09d50000, 0x0a257900, 0x0a257a00, 0x0a800000)
 Metaspace       used 1003K, capacity 2538K, committed 2624K, reserved 4480K
Event: 35.600 GC heap after
Heap after GC invocations=6405 (full 0):
 def new generation   total 4928K, used 6K [0x04800000, 0x04d50000, 0x09d50000)
  eden space 4416K,   0% used [0x04800000, 0x04800000, 0x04c50000)
  from space 512K,   1% used [0x04cd0000, 0x04cd1908, 0x04d50000)
  to   space 512K,   0% used [0x04c50000, 0x04c50000, 0x04cd0000)
 tenured generation   total 10944K, used 5150K [0x09d50000, 0x0a800000, 0x14800000)
   the space 10944K,  47% used [0x09d50000, 0x0a257900, 0x0a257a00, 0x0a800000)
 Metaspace       used 1003K, capacity 2538K, committed 2624K, reserved 4480K
}
Event: 38.204 GC heap before
{Heap before GC invocations=6405 (full 0):
 def new generation   total 4928K, used 4422K [0x04800000, 0x04d50000, 0x09d50000)
  eden space 4416K,  99% used [0x04800000, 0x04c4ff50, 0x04c50000)
  from space 512K,   1% used [0x04cd0000, 0x04cd1908, 0x04d50000)
  to   space 512K,   0% used [0x04c50000, 0x04c50000, 0x04cd0000)
 tenured generation   total 10944K, used 5150K [0x09d50000, 0x0a800000, 0x14800000)
   the space 10944K,  47% used [0x09d50000, 0x0a257900, 0x0a257a00, 0x0a800000)
 Metaspace       used 1004K, capacity 2538K, committed 2624K, reserved 4480K
Event: 38.205 GC heap after
Heap after GC invocations=6406 (full 0):
 def new generation   total 4928K, used 10K [0x04800000, 0x04d50000, 0x09d50000)
  eden space 4416K,   0% used [0x04800000, 0x04800000, 0x04c50000)
  from space 512K,   1% used [0x04c50000, 0x04c528b0, 0x04cd0000)
  to   space 512K,   0% used [0x04cd0000, 0x04cd0000, 0x04d50000)
 tenured generation   total 10944K, used 5151K [0x09d50000, 0x0a800000, 0x14800000)
   the space 10944K,  47% used [0x09d50000, 0x0a257c38, 0x0a257e00, 0x0a800000)
 Metaspace       used 1004K, capacity 2538K, committed 2624K, reserved 4480K
}
Event: 50.971 GC heap before
{Heap before GC invocations=6406 (full 0):
 def new generation   total 4928K, used 4426K [0x04800000, 0x04d50000, 0x09d50000)
  eden space 4416K, 100% used [0x04800000, 0x04c50000, 0x04c50000)
  from space 512K,   1% used [0x04c50000, 0x04c528b0, 0x04cd0000)
  to   space 512K,   0% used [0x04cd0000, 0x04cd0000, 0x04d50000)
 tenured generation   total 10944K, used 5151K [0x09d50000, 0x0a800000, 0x14800000)
   the space 10944K,  47% used [0x09d50000, 0x0a257c38, 0x0a257e00, 0x0a800000)
 Metaspace       used 1004K, capacity 2538K, committed 2624K, reserved 4480K
Event: 50.972 GC heap after
Heap after GC invocations=6407 (full 0):
 def new generation   total 4928K, used 10K [0x04800000, 0x04d50000, 0x09d50000)
  eden space 4416K,   0% used [0x04800000, 0x04800000, 0x04c50000)
  from space 512K,   2% used [0x04cd0000, 0x04cd2a80, 0x04d50000)
  to   space 512K,   0% used [0x04c50000, 0x04c50000, 0x04cd0000)
 tenured generation   total 10944K, used 5151K [0x09d50000, 0x0a800000, 0x14800000)
   the space 10944K,  47% used [0x09d50000, 0x0a257c38, 0x0a257e00, 0x0a800000)
 Metaspace       used 1004K, capacity 2538K, committed 2624K, reserved 4480K
}
Event: 69.124 GC heap before
{Heap before GC invocations=6407 (full 0):
 def new generation   total 4928K, used 4340K [0x04800000, 0x04d50000, 0x09d50000)
  eden space 4416K,  98% used [0x04800000, 0x04c3a5a0, 0x04c50000)
  from space 512K,   2% used [0x04cd0000, 0x04cd2a80, 0x04d50000)
  to   space 512K,   0% used [0x04c50000, 0x04c50000, 0x04cd0000)
 tenured generation   total 10944K, used 5151K [0x09d50000, 0x0a800000, 0x14800000)
   the space 10944K,  47% used [0x09d50000, 0x0a257c38, 0x0a257e00, 0x0a800000)
 Metaspace       used 1007K, capacity 2538K, committed 2624K, reserved 4480K
Event: 69.142 GC heap after
Heap after GC invocations=6408 (full 1):
 def new generation   total 4992K, used 0K [0x04800000, 0x04d60000, 0x09d50000)
  eden space 4480K,   0% used [0x04800000, 0x04800000, 0x04c60000)
  from space 512K,   0% used [0x04c60000, 0x04c60000, 0x04ce0000)
  to   space 512K,   0% used [0x04ce0000, 0x04ce0000, 0x04d60000)
 tenured generation   total 10944K, used 2684K [0x09d50000, 0x0a800000, 0x14800000)
   the space 10944K,  24% used [0x09d50000, 0x09fef3e0, 0x09fef400, 0x0a800000)
 Metaspace       used 1003K, capacity 2526K, committed 2624K, reserved 4480K
}

Deoptimization events (0 events):
No events

Internal exceptions (10 events):
Event: 35.498 Thread 0x1609c400 Exception <a 'java/lang/NullPointerException'> (0x049d16a0) thrown at [C:\re\workspace\8-2-build-windows-i586-cygwin\jdk8u131\8869\hotspot\src\share\vm\runtime\sharedRuntime.cpp, line 1085]
Event: 35.509 Thread 0x1609c400 Exception <a 'java/lang/NullPointerException'> (0x04ba09f8) thrown at [C:\re\workspace\8-2-build-windows-i586-cygwin\jdk8u131\8869\hotspot\src\share\vm\runtime\sharedRuntime.cpp, line 1085]
Event: 35.520 Thread 0x1609c400 Exception <a 'java/lang/NullPointerException'> (0x04817570) thrown at [C:\re\workspace\8-2-build-windows-i586-cygwin\jdk8u131\8869\hotspot\src\share\vm\runtime\sharedRuntime.cpp, line 1085]
Event: 35.531 Thread 0x1609c400 Exception <a 'java/lang/NullPointerException'> (0x049d0f10) thrown at [C:\re\workspace\8-2-build-windows-i586-cygwin\jdk8u131\8869\hotspot\src\share\vm\runtime\sharedRuntime.cpp, line 1085]
Event: 35.542 Thread 0x1609c400 Exception <a 'java/lang/NullPointerException'> (0x04c0f060) thrown at [C:\re\workspace\8-2-build-windows-i586-cygwin\jdk8u131\8869\hotspot\src\share\vm\runtime\sharedRuntime.cpp, line 1085]
Event: 35.553 Thread 0x1609c400 Exception <a 'java/lang/NullPointerException'> (0x04885bd8) thrown at [C:\re\workspace\8-2-build-windows-i586-cygwin\jdk8u131\8869\hotspot\src\share\vm\runtime\sharedRuntime.cpp, line 1085]
Event: 35.564 Thread 0x1609c400 Exception <a 'java/lang/NullPointerException'> (0x04a556c0) thrown at [C:\re\workspace\8-2-build-windows-i586-cygwin\jdk8u131\8869\hotspot\src\share\vm\runtime\sharedRuntime.cpp, line 1085]
Event: 35.576 Thread 0x1609c400 Exception <a 'java/lang/NullPointerException'> (0x04817560) thrown at [C:\re\workspace\8-2-build-windows-i586-cygwin\jdk8u131\8869\hotspot\src\share\vm\runtime\sharedRuntime.cpp, line 1085]
Event: 35.586 Thread 0x1609c400 Exception <a 'java/lang/NullPointerException'> (0x048f41e8) thrown at [C:\re\workspace\8-2-build-windows-i586-cygwin\jdk8u131\8869\hotspot\src\share\vm\runtime\sharedRuntime.cpp, line 1085]
Event: 35.598 Thread 0x1609c400 Exception <a 'java/lang/NullPointerException'> (0x04aaebd8) thrown at [C:\re\workspace\8-2-build-windows-i586-cygwin\jdk8u131\8869\hotspot\src\share\vm\runtime\sharedRuntime.cpp, line 1085]

Events (10 events):
Event: 68.244 Executing VM operation: RevokeBias
Event: 68.244 Executing VM operation: RevokeBias done
Event: 68.244 Executing VM operation: RevokeBias
Event: 68.244 Executing VM operation: RevokeBias done
Event: 68.244 Executing VM operation: RevokeBias
Event: 68.244 Executing VM operation: RevokeBias done
Event: 68.244 Executing VM operation: RevokeBias
Event: 68.245 Executing VM operation: RevokeBias done
Event: 69.124 Executing VM operation: GenCollectForAllocation
Event: 69.142 Executing VM operation: GenCollectForAllocation done


Dynamic libraries:
0x00d00000 - 0x00d33000 	C:\Program Files (x86)\Java\jre1.8.0_131\bin\javaw.exe
0x77040000 - 0x771af000 	C:\Windows\SYSTEM32\ntdll.dll
0x74900000 - 0x74a40000 	C:\Windows\SYSTEM32\KERNEL32.DLL
0x76560000 - 0x76637000 	C:\Windows\SYSTEM32\KERNELBASE.dll
0x704f0000 - 0x7051f000 	C:\Program Files\AVAST Software\Avast\aswhookx.dll
0x6e270000 - 0x6e310000 	C:\Windows\system32\apphelp.dll
0x78bf0000 - 0x78e56000 	C:\Windows\AppPatch\AcGenral.DLL
0x74830000 - 0x748f3000 	C:\Windows\SYSTEM32\msvcrt.dll
0x76390000 - 0x763d1000 	C:\Windows\SYSTEM32\sechost.dll
0x75d00000 - 0x75d1e000 	C:\Windows\SYSTEM32\SspiCli.dll
0x761a0000 - 0x761e5000 	C:\Windows\SYSTEM32\SHLWAPI.dll
0x6db40000 - 0x6dc2d000 	C:\Windows\SYSTEM32\UxTheme.dll
0x763e0000 - 0x76533000 	C:\Windows\SYSTEM32\USER32.dll
0x766c0000 - 0x767cc000 	C:\Windows\SYSTEM32\GDI32.dll
0x6fe60000 - 0x6fe83000 	C:\Windows\SYSTEM32\WINMM.dll
0x72820000 - 0x72833000 	C:\Windows\SYSTEM32\samcli.dll
0x767e0000 - 0x76909000 	C:\Windows\SYSTEM32\ole32.dll
0x76100000 - 0x76197000 	C:\Windows\SYSTEM32\OLEAUT32.dll
0x6b730000 - 0x6b747000 	C:\Windows\SYSTEM32\MSACM32.dll
0x747b0000 - 0x747b8000 	C:\Windows\SYSTEM32\VERSION.dll
0x74a40000 - 0x75cfb000 	C:\Windows\SYSTEM32\SHELL32.dll
0x73720000 - 0x7373b000 	C:\Windows\SYSTEM32\USERENV.dll
0x70370000 - 0x7038a000 	C:\Windows\SYSTEM32\dwmapi.dll
0x70b90000 - 0x70cdb000 	C:\Windows\SYSTEM32\urlmon.dll
0x76640000 - 0x766bc000 	C:\Windows\SYSTEM32\ADVAPI32.dll
0x74740000 - 0x747a5000 	C:\Windows\SYSTEM32\WINSPOOL.DRV
0x70750000 - 0x70766000 	C:\Windows\SYSTEM32\MPR.dll
0x76b30000 - 0x76bea000 	C:\Windows\SYSTEM32\RPCRT4.dll
0x74820000 - 0x7482a000 	C:\Windows\SYSTEM32\CRYPTBASE.dll
0x769a0000 - 0x76b1d000 	C:\Windows\SYSTEM32\combase.dll
0x6fe00000 - 0x6fe23000 	C:\Windows\SYSTEM32\WINMMBASE.dll
0x73700000 - 0x7370f000 	C:\Windows\SYSTEM32\profapi.dll
0x73740000 - 0x73975000 	C:\Windows\SYSTEM32\iertutil.dll
0x73bc0000 - 0x73e6b000 	C:\Windows\SYSTEM32\WININET.dll
0x747c0000 - 0x74814000 	C:\Windows\SYSTEM32\bcryptPrimitives.dll
0x760c0000 - 0x760fc000 	C:\Windows\SYSTEM32\cfgmgr32.dll
0x746c0000 - 0x746e1000 	C:\Windows\SYSTEM32\DEVOBJ.dll
0x72620000 - 0x726ab000 	C:\Windows\SYSTEM32\SHCORE.DLL
0x761f0000 - 0x76217000 	C:\Windows\system32\IMM32.DLL
0x76cd0000 - 0x76de2000 	C:\Windows\SYSTEM32\MSCTF.dll
0x5c3f0000 - 0x5c5f6000 	C:\Windows\WinSxS\x86_microsoft.windows.common-controls_6595b64144ccf1df_6.0.9600.18006_none_a9ec6aab013aafee\COMCTL32.dll
0x78680000 - 0x7873f000 	C:\Program Files (x86)\Java\jre1.8.0_131\bin\msvcr100.dll
0x530e0000 - 0x534ae000 	C:\Program Files (x86)\Java\jre1.8.0_131\bin\client\jvm.dll
0x74270000 - 0x74278000 	C:\Windows\SYSTEM32\WSOCK32.dll
0x76c80000 - 0x76c86000 	C:\Windows\SYSTEM32\PSAPI.DLL
0x76070000 - 0x760bf000 	C:\Windows\SYSTEM32\WS2_32.dll
0x767d0000 - 0x767d7000 	C:\Windows\SYSTEM32\NSI.dll
0x54a70000 - 0x54a7c000 	C:\Program Files (x86)\Java\jre1.8.0_131\bin\verify.dll
0x54a40000 - 0x54a61000 	C:\Program Files (x86)\Java\jre1.8.0_131\bin\java.dll
0x50d00000 - 0x50d13000 	C:\Program Files (x86)\Java\jre1.8.0_131\bin\zip.dll
0x156c0000 - 0x156e2000 	C:\Users\Dennis\workspace\Masters-Thesis-iTrace-extension\iTrace\TobiiTracker.dll
0x00ce0000 - 0x00cf7000 	C:\MinGW\bin\tobii_research.dll
0x16260000 - 0x1627a000 	C:\Windows\SYSTEM32\VCRUNTIME140D.dll
0x16500000 - 0x16671000 	C:\Windows\SYSTEM32\ucrtbased.dll
0x163c0000 - 0x16482000 	C:\MinGW\bin\tobii_pro.dll
0x16680000 - 0x16784000 	C:\MinGW\bin\tobii_stream_engine.dll
0x73980000 - 0x739a0000 	C:\Windows\SYSTEM32\IPHLPAPI.DLL
0x72990000 - 0x729a3000 	C:\Windows\SYSTEM32\NETAPI32.dll
0x75ee0000 - 0x76068000 	C:\Windows\SYSTEM32\CRYPT32.dll
0x73710000 - 0x73718000 	C:\Windows\SYSTEM32\WINNSI.DLL
0x72880000 - 0x7288a000 	C:\Windows\SYSTEM32\netutils.dll
0x72860000 - 0x7287d000 	C:\Windows\SYSTEM32\srvcli.dll
0x72840000 - 0x72851000 	C:\Windows\SYSTEM32\wkscli.dll
0x76550000 - 0x7655e000 	C:\Windows\SYSTEM32\MSASN1.dll
0x734c0000 - 0x734d9000 	C:\Windows\SYSTEM32\CRYPTSP.dll
0x73490000 - 0x734c0000 	C:\Windows\system32\rsaenh.dll
0x73470000 - 0x7348e000 	C:\Windows\SYSTEM32\bcrypt.dll
0x72590000 - 0x725db000 	C:\Windows\system32\mswsock.dll
0x6cd70000 - 0x6ceb5000 	C:\Program Files (x86)\Java\jre1.8.0_131\bin\awt.dll
0x72570000 - 0x72584000 	C:\Windows\SYSTEM32\dhcpcsvc.DLL
0x72550000 - 0x72563000 	C:\Windows\SYSTEM32\dhcpcsvc6.DLL
0x739a0000 - 0x73a1e000 	C:\Windows\SYSTEM32\DNSAPI.dll
0x50140000 - 0x5021e000 	C:\Windows\system32\opengl32.dll
0x50d60000 - 0x50d85000 	C:\Windows\SYSTEM32\GLU32.dll
0x68860000 - 0x6894c000 	C:\Windows\SYSTEM32\DDRAW.dll
0x70d60000 - 0x70d67000 	C:\Windows\SYSTEM32\DCIMAN32.dll
0x734f0000 - 0x734f9000 	C:\Windows\SYSTEM32\kernel.appcore.dll
0x6d3c0000 - 0x6d593000 	C:\Windows\system32\d3d9.dll
0x5ef80000 - 0x5fba9000 	C:\Windows\SYSTEM32\nvd3dum.dll
0x17400000 - 0x1755c000 	C:\Windows\system32\nvspcap.dll
0x75d20000 - 0x75ed1000 	C:\Windows\SYSTEM32\SETUPAPI.dll
0x73a20000 - 0x73abe000 	C:\Windows\SYSTEM32\WINHTTP.dll
0x67970000 - 0x67c98000 	C:\Windows\system32\nvapi.dll
0x725e0000 - 0x72620000 	C:\Windows\system32\powrprof.dll
0x6b750000 - 0x6b810000 	C:\Program Files (x86)\NVIDIA Corporation\3D Vision\nvSCPAPI.dll
0x18a20000 - 0x18a59000 	C:\Program Files (x86)\Java\jre1.8.0_131\bin\fontmanager.dll
0x6d130000 - 0x6d154000 	C:\Program Files (x86)\Java\jre1.8.0_131\bin\dcpr.dll
0x735b0000 - 0x736f1000 	C:\Windows\SYSTEM32\dbghelp.dll

VM Arguments:
jvm_args: -Dfile.encoding=Cp1252 
java_command: edu.ysu.itrace.trackers.TobiiTracker -clean
java_class_path (initial): C:\Users\Dennis\workspace\Masters-Thesis-iTrace-extension\iTrace\lib\TETJavaClient.jar;C:\Users\Dennis\.p2\pool\plugins\org.eclipse.ui_3.108.1.v20160929-1045.jar;C:\Users\Dennis\.p2\pool\plugins\org.eclipse.swt_3.105.3.v20170228-0512.jar;C:\Users\Dennis\.p2\pool\plugins\org.eclipse.swt.win32.win32.x86_3.105.3.v20170228-0512.jar;C:\Users\Dennis\.p2\pool\plugins\org.eclipse.jface_3.12.2.v20170113-2113.jar;C:\Users\Dennis\.p2\pool\plugins\org.eclipse.core.commands_3.8.1.v20161221-1651.jar;C:\Users\Dennis\.p2\pool\plugins\org.eclipse.ui.workbench_3.108.3.v20170216-1539.jar;C:\Users\Dennis\.p2\pool\plugins\org.eclipse.e4.ui.workbench3_0.13.100.v20160506-0759.jar;C:\Users\Dennis\.p2\pool\plugins\org.eclipse.core.runtime_3.12.0.v20160606-1342.jar;C:\Users\Dennis\.p2\pool\plugins\javax.inject_1.0.0.v20091030.jar;C:\Users\Dennis\.p2\pool\plugins\org.eclipse.osgi_3.11.3.v20170209-1843.jar;C:\Users\Dennis\.p2\pool\plugins\org.eclipse.osgi.compatibility.state_1.0.200.v20160504-1419.jar;C:\Users\Dennis\.p2\pool\plugins\org.eclipse.wst.jsdt.nashorn.extension_1.0.2.v201610280128.jar;C:\Users\Dennis\.p2\pool\plugins\org.eclipse.equinox.common_3.8.0.v20160509-1230.jar;C:\Users\Dennis\.p2\pool\plugins\org.eclipse.core.jobs_3.8.0.v20160509-0411.jar;C:\Users\Dennis\.p2\pool\plugins\org.eclipse.equinox.registry_3.6.100.v20160223-2218.jar;C:\Users\Dennis\.p2\pool\plugins\org.eclipse.equinox.preferences_3.6.1.v20160815-1406.jar;C:\Users\Dennis\.p2\pool\plugins\org.eclipse.core.contenttype_3.5.100.v20160418-1621.jar;C:\Users\Dennis\.p2\pool\plugins\org.eclipse.equinox.app_1.3.400.v20150715-1528.jar;C:\Users\Dennis\.p2\pool\plugins\org.eclipse.ui.ide_3.12.3.v20170119-0935.jar;C:\Users\Dennis\.p2\pool\plugins\org.eclipse.core.resources_3.11.1.v20161107-2032.jar;C:\Users\Dennis\.p2\pool\plugins\org.eclipse.jface.text_3.11.2.v20170220-1911.jar;C:\Users\Dennis\.p2\pool\plugins\org.eclipse.text_3.6.0.v20160503-1849.jar;C:\Users\Dennis\.p2\pool\plugins\org.eclipse.ui.
Launcher Type: SUN_STANDARD

Environment Variables:
PATH=C:/Program Files (x86)/Java/jre1.8.0_131/bin/client;C:/Program Files (x86)/Java/jre1.8.0_131/bin;C:/Program Files (x86)/Java/jre1.8.0_131/lib/i386;C:\ProgramData\Oracle\Java\javapath;C:\Windows\system32;C:\Windows;C:\Windows\System32\Wbem;C:\Windows\System32\WindowsPowerShell\v1.0\;C:\Program Files (x86)\NVIDIA Corporation\PhysX\Common;C:\Python27;C:\Windows\system32\config\systemprofile\.dnx\bin;C:\Program Files\Microsoft DNX\Dnvm\;C:\Program Files (x86)\GtkSharp\2.12\bin;C:\Program Files (x86)\Java\jdk1.8.0_144\bin;C:\Program Files (x86)\Skype\Phone\;C:\Program Files (x86)\Microsoft SQL Server\100\Tools\Binn\;C:\Program Files (x86)\Microsoft SQL Server\100\DTS\Binn\;C:\Windows\System32\;C:\Program Files\CMake\bin;C:\MinGW/bin;C:\Program Files\Microsoft SQL Server\130\Tools\Binn\;C:\Program Files\dotnet\;C:\Program Files\Git\cmd;C:\Users\Dennis\Anaconda2;C:\Users\Dennis\Anaconda2\Scripts;C:\Users\Dennis\Anaconda2\Library\bin;C:\Users\Dennis\Desktop;
USERNAME=Dennis
OS=Windows_NT
PROCESSOR_IDENTIFIER=Intel64 Family 6 Model 42 Stepping 7, GenuineIntel



---------------  S Y S T E M  ---------------

OS: Windows 8.1 , 64 bit Build 9600 (6.3.9600.17415)

CPU:total 4 (initial active 4) (4 cores per cpu, 1 threads per core) family 6 model 42 stepping 7, cmov, cx8, fxsr, mmx, sse, sse2, sse3, ssse3, sse4.1, sse4.2, popcnt, avx, aes, clmul, tsc, tscinvbit

Memory: 4k page, physical 8298008k(2823368k free), swap 16661508k(9909656k free)

vm_info: Java HotSpot(TM) Client VM (25.131-b11) for windows-x86 JRE (1.8.0_131-b11), built on Mar 15 2017 01:26:29 by "java_re" with MS VC++ 10.0 (VS2010)

time: Wed Oct 04 09:25:59 2017
elapsed time: 69 seconds (0d 0h 1m 9s)

